  Auto.cpp
  Autobahn.cpp
  Barrier.cpp
Barrier.cpp(27): warning C4309: 'static_cast': truncation of constant value
  Control.cpp
  Dashboard.cpp
Dashboard.cpp(35): warning C4018: '<': signed/unsigned mismatch
Dashboard.cpp(40): warning C4018: '<': signed/unsigned mismatch
  Decor.cpp
  DistanceSensor.cpp
  Down.cpp
  Left.cpp
  Line.cpp
  main.cpp
main.cpp(4): warning C4244: 'argument': conversion from 'time_t' to 'unsigned int', possible loss of data
  Race.cpp
Race.cpp(55): warning C4244: 'argument': conversion from 'double' to 'DWORD', possible loss of data
  Right.cpp
  Road.cpp
  Sensor.cpp
  SpeedSensor.cpp
  TimeSensor.cpp
  Up.cpp
  Generating code
  All 166 functions were compiled because no usable IPDB/IOBJ from previous compilation was found.
  Finished generating code
  Project2.vcxproj -> c:\Users\User\source\repos\Project2\Release\Project2.exe
